<?xml version="1.0" encoding="UTF-8"?>
<testsuite xmlns:xsi="http://www.w3.org/2001/XMLSchema-instance" xsi:noNamespaceSchemaLocation="https://maven.apache.org/surefire/maven-surefire-plugin/xsd/surefire-test-report-3.0.xsd" version="3.0" name="Pranita.UnitConverterTest" time="0.05" tests="12" errors="0" skipped="0" failures="0">
  <properties>
[...]
</properties>
  <testcase name="testInvalidConversion_ZeroValue" classname="Pranita.UnitConverterTest" time="0.004"/>
  <testcase name="testInvalidConversion_EmptyToUnit" classname="Pranita.UnitConverterTest" time="0"/>
  <testcase name="testInvalidConversion_EmptyFromUnit" classname="Pranita.UnitConverterTest" time="0"/>
  <testcase name="testInvalidConversion_NullFromUnit" classname="Pranita.UnitConverterTest" time="0"/>
  <testcase name="testInvalidConversion_InvalidUnit" classname="Pranita.UnitConverterTest" time="0"/>
  <testcase name="testInvalidConversion_MissingFromUnit" classname="Pranita.UnitConverterTest" time="0"/>
  <testcase name="testInvalidConversion_MissingToUnit" classname="Pranita.UnitConverterTest" time="0"/>
  <testcase name="testValidConversion_CmToInches" classname="Pranita.UnitConverterTest" time="0"/>
  <testcase name="testValidConversion_CmToMeters" classname="Pranita.UnitConverterTest" time="0"/>
  <testcase name="testInvalidConversion_NullToUnit" classname="Pranita.UnitConverterTest" time="0"/>
  <testcase name="testInvalidConversion_NegativeValue" classname="Pranita.UnitConverterTest" time="0"/>
  <testcase name="testValidConversion_CmToKilometers" classname="Pranita.UnitConverterTest" time="0.001"/>
</testsuite>